2014/05/05 15:20:55 [error] [exception.CHttpException.404] exception 'CHttpException' with message 'The system is unable to find the requested action "UpdateDeadline".' in /Applications/MAMP/htdocs/siaek/framework/web/CController.php:483
Stack trace:
#0 /Applications/MAMP/htdocs/siaek/framework/web/CController.php(270): CController->missingAction('UpdateDeadline')
#1 /Applications/MAMP/htdocs/siaek/framework/web/CWebApplication.php(282): CController->run('UpdateDeadline')
#2 /Applications/MAMP/htdocs/siaek/framework/web/CWebApplication.php(141): CWebApplication->runController('absensi/UpdateD...')
#3 /Applications/MAMP/htdocs/siaek/framework/base/CApplication.php(180): CWebApplication->processRequest()
#4 /Applications/MAMP/htdocs/siaek/index.php(13): CApplication->run()
#5 {main}
REQUEST_URI=/siaek/absensi/UpdateDeadline/1
HTTP_REFERER=http://localhost:8888/siaek/absensi/index
---
2014/05/05 15:21:26 [error] [exception.CHttpException.404] exception 'CHttpException' with message 'The system is unable to find the requested action "isi".' in /Applications/MAMP/htdocs/siaek/framework/web/CController.php:483
Stack trace:
#0 /Applications/MAMP/htdocs/siaek/framework/web/CController.php(270): CController->missingAction('isi')
#1 /Applications/MAMP/htdocs/siaek/framework/web/CWebApplication.php(282): CController->run('isi')
#2 /Applications/MAMP/htdocs/siaek/framework/web/CWebApplication.php(141): CWebApplication->runController('absensi/isi')
#3 /Applications/MAMP/htdocs/siaek/framework/base/CApplication.php(180): CWebApplication->processRequest()
#4 /Applications/MAMP/htdocs/siaek/index.php(13): CApplication->run()
#5 {main}
REQUEST_URI=/siaek/absensi/isi
---
2014/05/05 15:21:32 [error] [exception.CHttpException.404] exception 'CHttpException' with message 'The system is unable to find the requested action "absensi".' in /Applications/MAMP/htdocs/siaek/framework/web/CController.php:483
Stack trace:
#0 /Applications/MAMP/htdocs/siaek/framework/web/CController.php(270): CController->missingAction('absensi')
#1 /Applications/MAMP/htdocs/siaek/framework/web/CWebApplication.php(282): CController->run('absensi')
#2 /Applications/MAMP/htdocs/siaek/framework/web/CWebApplication.php(141): CWebApplication->runController('absensi/absensi')
#3 /Applications/MAMP/htdocs/siaek/framework/base/CApplication.php(180): CWebApplication->processRequest()
#4 /Applications/MAMP/htdocs/siaek/index.php(13): CApplication->run()
#5 {main}
REQUEST_URI=/siaek/absensi/absensi
---
2014/05/05 15:21:49 [error] [exception.CHttpException.404] exception 'CHttpException' with message 'The system is unable to find the requested action "isi".' in /Applications/MAMP/htdocs/siaek/framework/web/CController.php:483
Stack trace:
#0 /Applications/MAMP/htdocs/siaek/framework/web/CController.php(270): CController->missingAction('isi')
#1 /Applications/MAMP/htdocs/siaek/framework/web/CWebApplication.php(282): CController->run('isi')
#2 /Applications/MAMP/htdocs/siaek/framework/web/CWebApplication.php(141): CWebApplication->runController('absensi/isi')
#3 /Applications/MAMP/htdocs/siaek/framework/base/CApplication.php(180): CWebApplication->processRequest()
#4 /Applications/MAMP/htdocs/siaek/index.php(13): CApplication->run()
#5 {main}
REQUEST_URI=/siaek/absensi/isi
---
2014/05/05 15:21:51 [error] [exception.CHttpException.404] exception 'CHttpException' with message 'The system is unable to find the requested action "UpdateDeadline".' in /Applications/MAMP/htdocs/siaek/framework/web/CController.php:483
Stack trace:
#0 /Applications/MAMP/htdocs/siaek/framework/web/CController.php(270): CController->missingAction('UpdateDeadline')
#1 /Applications/MAMP/htdocs/siaek/framework/web/CWebApplication.php(282): CController->run('UpdateDeadline')
#2 /Applications/MAMP/htdocs/siaek/framework/web/CWebApplication.php(141): CWebApplication->runController('absensi/UpdateD...')
#3 /Applications/MAMP/htdocs/siaek/framework/base/CApplication.php(180): CWebApplication->processRequest()
#4 /Applications/MAMP/htdocs/siaek/index.php(13): CApplication->run()
#5 {main}
REQUEST_URI=/siaek/absensi/UpdateDeadline/1
HTTP_REFERER=http://localhost:8888/siaek/absensi/index
---
2014/05/05 15:21:56 [error] [exception.CHttpException.404] exception 'CHttpException' with message 'The system is unable to find the requested action "absensi".' in /Applications/MAMP/htdocs/siaek/framework/web/CController.php:483
Stack trace:
#0 /Applications/MAMP/htdocs/siaek/framework/web/CController.php(270): CController->missingAction('absensi')
#1 /Applications/MAMP/htdocs/siaek/framework/web/CWebApplication.php(282): CController->run('absensi')
#2 /Applications/MAMP/htdocs/siaek/framework/web/CWebApplication.php(141): CWebApplication->runController('absensi/absensi')
#3 /Applications/MAMP/htdocs/siaek/framework/base/CApplication.php(180): CWebApplication->processRequest()
#4 /Applications/MAMP/htdocs/siaek/index.php(13): CApplication->run()
#5 {main}
REQUEST_URI=/siaek/absensi/absensi/1
HTTP_REFERER=http://localhost:8888/siaek/absensi/index
---
2014/05/05 15:23:07 [error] [exception.CHttpException.404] exception 'CHttpException' with message 'The system is unable to find the requested action "absensi".' in /Applications/MAMP/htdocs/siaek/framework/web/CController.php:483
Stack trace:
#0 /Applications/MAMP/htdocs/siaek/framework/web/CController.php(270): CController->missingAction('absensi')
#1 /Applications/MAMP/htdocs/siaek/framework/web/CWebApplication.php(282): CController->run('absensi')
#2 /Applications/MAMP/htdocs/siaek/framework/web/CWebApplication.php(141): CWebApplication->runController('absensi/absensi')
#3 /Applications/MAMP/htdocs/siaek/framework/base/CApplication.php(180): CWebApplication->processRequest()
#4 /Applications/MAMP/htdocs/siaek/index.php(13): CApplication->run()
#5 {main}
REQUEST_URI=/siaek/absensi/absensi/1
---
2014/05/05 15:23:10 [error] [exception.CHttpException.404] exception 'CHttpException' with message 'The system is unable to find the requested action "absensi".' in /Applications/MAMP/htdocs/siaek/framework/web/CController.php:483
Stack trace:
#0 /Applications/MAMP/htdocs/siaek/framework/web/CController.php(270): CController->missingAction('absensi')
#1 /Applications/MAMP/htdocs/siaek/framework/web/CWebApplication.php(282): CController->run('absensi')
#2 /Applications/MAMP/htdocs/siaek/framework/web/CWebApplication.php(141): CWebApplication->runController('absensi/absensi')
#3 /Applications/MAMP/htdocs/siaek/framework/base/CApplication.php(180): CWebApplication->processRequest()
#4 /Applications/MAMP/htdocs/siaek/index.php(13): CApplication->run()
#5 {main}
REQUEST_URI=/siaek/absensi/absensi/
---
2014/05/05 10:23:38 [error] [php] Undefined variable: validatedMembers (/Applications/MAMP/htdocs/siaek/protected/views/absensi/absensi.php:20)
Stack trace:
#0 /Applications/MAMP/htdocs/siaek/framework/web/CController.php(869): AbsensiController->renderFile()
#1 /Applications/MAMP/htdocs/siaek/framework/web/CController.php(782): AbsensiController->renderPartial()
#2 /Applications/MAMP/htdocs/siaek/protected/controllers/AbsensiController.php(59): AbsensiController->render()
#3 unknown(0): AbsensiController->actionIsiAbsensi()
#4 /Applications/MAMP/htdocs/siaek/framework/web/actions/CAction.php(108): ReflectionMethod->invokeArgs()
#5 /Applications/MAMP/htdocs/siaek/framework/web/actions/CInlineAction.php(47): CInlineAction->runWithParamsInternal()
#6 /Applications/MAMP/htdocs/siaek/framework/web/CController.php(308): CInlineAction->runWithParams()
#7 /Applications/MAMP/htdocs/siaek/framework/web/CController.php(286): AbsensiController->runAction()
#8 /Applications/MAMP/htdocs/siaek/framework/web/CController.php(265): AbsensiController->runActionWithFilters()
#9 /Applications/MAMP/htdocs/siaek/framework/web/CWebApplication.php(282): AbsensiController->run()
#10 /Applications/MAMP/htdocs/siaek/framework/web/CWebApplication.php(141): CWebApplication->runController()
#11 /Applications/MAMP/htdocs/siaek/framework/base/CApplication.php(180): CWebApplication->processRequest()
#12 /Applications/MAMP/htdocs/siaek/index.php(13): CWebApplication->run()
REQUEST_URI=/siaek/absensi/isiAbsensi/1
in /Applications/MAMP/htdocs/siaek/protected/views/absensi/absensi.php (20)
in /Applications/MAMP/htdocs/siaek/protected/controllers/AbsensiController.php (59)
in /Applications/MAMP/htdocs/siaek/index.php (13)
2014/05/05 10:26:00 [error] [exception.CException] exception 'CException' with message 'Property "Kegiatan.nama" is not defined.' in /Applications/MAMP/htdocs/siaek/framework/base/CComponent.php:130
Stack trace:
#0 /Applications/MAMP/htdocs/siaek/framework/db/ar/CActiveRecord.php(145): CComponent->__get('nama')
#1 /Applications/MAMP/htdocs/siaek/framework/web/helpers/CHtml.php(2529): CActiveRecord->__get('nama')
#2 /Applications/MAMP/htdocs/siaek/framework/web/helpers/CHtml.php(2252): CHtml::resolveValue(Object(Kegiatan), 'nama')
#3 /Applications/MAMP/htdocs/siaek/framework/web/helpers/CHtml.php(1434): CHtml::activeInputField('text', Object(Kegiatan), 'nama', Array)
#4 /Applications/MAMP/htdocs/siaek/framework/web/widgets/CActiveForm.php(725): CHtml::activeTextField(Object(Kegiatan), 'nama', Array)
#5 /Applications/MAMP/htdocs/siaek/protected/views/absensi/absensi.php(65): CActiveForm->textField(Object(Kegiatan), 'nama')
#6 /Applications/MAMP/htdocs/siaek/framework/web/CBaseController.php(126): require('/Applications/M...')
#7 /Applications/MAMP/htdocs/siaek/framework/web/CBaseController.php(95): CBaseController->renderInternal('/Applications/M...', Array, true)
#8 /Applications/MAMP/htdocs/siaek/framework/web/CController.php(869): CBaseController->renderFile('/Applications/M...', Array, true)
#9 /Applications/MAMP/htdocs/siaek/framework/web/CController.php(782): CController->renderPartial('absensi', Array, true)
#10 /Applications/MAMP/htdocs/siaek/protected/controllers/AbsensiController.php(59): CController->render('absensi', Array)
#11 [internal function]: AbsensiController->actionIsiAbsensi('1')
#12 /Applications/MAMP/htdocs/siaek/framework/web/actions/CAction.php(108): ReflectionMethod->invokeArgs(Object(AbsensiController), Array)
#13 /Applications/MAMP/htdocs/siaek/framework/web/actions/CInlineAction.php(47): CAction->runWithParamsInternal(Object(AbsensiController), Object(ReflectionMethod), Array)
#14 /Applications/MAMP/htdocs/siaek/framework/web/CController.php(308): CInlineAction->runWithParams(Array)
#15 /Applications/MAMP/htdocs/siaek/framework/web/CController.php(286): CController->runAction(Object(CInlineAction))
#16 /Applications/MAMP/htdocs/siaek/framework/web/CController.php(265): CController->runActionWithFilters(Object(CInlineAction), Array)
#17 /Applications/MAMP/htdocs/siaek/framework/web/CWebApplication.php(282): CController->run('isiAbsensi')
#18 /Applications/MAMP/htdocs/siaek/framework/web/CWebApplication.php(141): CWebApplication->runController('absensi/isiAbse...')
#19 /Applications/MAMP/htdocs/siaek/framework/base/CApplication.php(180): CWebApplication->processRequest()
#20 /Applications/MAMP/htdocs/siaek/index.php(13): CApplication->run()
#21 {main}
REQUEST_URI=/siaek/absensi/isiAbsensi/1
---
2014/05/05 10:26:45 [error] [exception.CException] exception 'CException' with message 'AbsensiController contains improperly nested widget tags in its view "/Applications/MAMP/htdocs/siaek/protected/views/absensi/absensi.php". A CActiveForm widget does not have an endWidget() call.' in /Applications/MAMP/htdocs/siaek/framework/web/CBaseController.php:101
Stack trace:
#0 /Applications/MAMP/htdocs/siaek/framework/web/CController.php(869): CBaseController->renderFile('/Applications/M...', Array, true)
#1 /Applications/MAMP/htdocs/siaek/framework/web/CController.php(782): CController->renderPartial('absensi', Array, true)
#2 /Applications/MAMP/htdocs/siaek/protected/controllers/AbsensiController.php(59): CController->render('absensi', Array)
#3 [internal function]: AbsensiController->actionIsiAbsensi('1')
#4 /Applications/MAMP/htdocs/siaek/framework/web/actions/CAction.php(108): ReflectionMethod->invokeArgs(Object(AbsensiController), Array)
#5 /Applications/MAMP/htdocs/siaek/framework/web/actions/CInlineAction.php(47): CAction->runWithParamsInternal(Object(AbsensiController), Object(ReflectionMethod), Array)
#6 /Applications/MAMP/htdocs/siaek/framework/web/CController.php(308): CInlineAction->runWithParams(Array)
#7 /Applications/MAMP/htdocs/siaek/framework/web/CController.php(286): CController->runAction(Object(CInlineAction))
#8 /Applications/MAMP/htdocs/siaek/framework/web/CController.php(265): CController->runActionWithFilters(Object(CInlineAction), Array)
#9 /Applications/MAMP/htdocs/siaek/framework/web/CWebApplication.php(282): CController->run('isiAbsensi')
#10 /Applications/MAMP/htdocs/siaek/framework/web/CWebApplication.php(141): CWebApplication->runController('absensi/isiAbse...')
#11 /Applications/MAMP/htdocs/siaek/framework/base/CApplication.php(180): CWebApplication->processRequest()
#12 /Applications/MAMP/htdocs/siaek/index.php(13): CApplication->run()
#13 {main}
REQUEST_URI=/siaek/absensi/isiAbsensi/1
---
2014/05/05 10:27:03 [error] [exception.CException] exception 'CException' with message 'AbsensiController contains improperly nested widget tags in its view "/Applications/MAMP/htdocs/siaek/protected/views/absensi/absensi.php". A CActiveForm widget does not have an endWidget() call.' in /Applications/MAMP/htdocs/siaek/framework/web/CBaseController.php:101
Stack trace:
#0 /Applications/MAMP/htdocs/siaek/framework/web/CController.php(869): CBaseController->renderFile('/Applications/M...', Array, true)
#1 /Applications/MAMP/htdocs/siaek/framework/web/CController.php(782): CController->renderPartial('absensi', Array, true)
#2 /Applications/MAMP/htdocs/siaek/protected/controllers/AbsensiController.php(59): CController->render('absensi', Array)
#3 [internal function]: AbsensiController->actionIsiAbsensi('1')
#4 /Applications/MAMP/htdocs/siaek/framework/web/actions/CAction.php(108): ReflectionMethod->invokeArgs(Object(AbsensiController), Array)
#5 /Applications/MAMP/htdocs/siaek/framework/web/actions/CInlineAction.php(47): CAction->runWithParamsInternal(Object(AbsensiController), Object(ReflectionMethod), Array)
#6 /Applications/MAMP/htdocs/siaek/framework/web/CController.php(308): CInlineAction->runWithParams(Array)
#7 /Applications/MAMP/htdocs/siaek/framework/web/CController.php(286): CController->runAction(Object(CInlineAction))
#8 /Applications/MAMP/htdocs/siaek/framework/web/CController.php(265): CController->runActionWithFilters(Object(CInlineAction), Array)
#9 /Applications/MAMP/htdocs/siaek/framework/web/CWebApplication.php(282): CController->run('isiAbsensi')
#10 /Applications/MAMP/htdocs/siaek/framework/web/CWebApplication.php(141): CWebApplication->runController('absensi/isiAbse...')
#11 /Applications/MAMP/htdocs/siaek/framework/base/CApplication.php(180): CWebApplication->processRequest()
#12 /Applications/MAMP/htdocs/siaek/index.php(13): CApplication->run()
#13 {main}
REQUEST_URI=/siaek/absensi/isiAbsensi/1
---
